<?xml version="1.0" encoding="UTF-8"?>
<!-- Generated by org.testng.reporters.JUnitReportReporter -->
<testsuite hostname="DU1LSITA112PPH" failures="0" tests="1" name="com.das.pnrtest.PNRResponseTest" time="0.046" errors="0" timestamp="2023-01-20T13:27:07 GST" skipped="0">
  <testcase classname="com.das.pnrtest.PNRResponseTest" name="validateJourneySegment" time="0.046"/>
  <system-out/>
</testsuite> <!-- com.das.pnrtest.PNRResponseTest -->
